<?xml version="1.0" encoding="UTF-8" ?>
<testsuite errors="0" failures="0" hostname="bsc-Inspiron-5555" name="TestingTest" skipped="0" tests="2" time="0.382" timestamp="2018-09-29T21:51:46">
  <properties>
    <property name="libs.spring-framework300.classpath" value="/home/bsc/Downloads/incubating-netbeans-java-9.0-bin/netbeans/ide/modules/org-apache-commons-logging.jar:/home/bsc/Downloads/incubating-netbeans-java-9.0-bin/netbeans/java/modules/ext/cglib-2.2.jar:/home/bsc/Downloads/incubating-netbeans-java-9.0-bin/netbeans/java/modules/ext/spring-3.0/spring-aop-3.2.7.RELEASE.jar:/home/bsc/Downloads/incubating-netbeans-java-9.0-bin/netbeans/java/modules/ext/spring-3.0/spring-aspects-3.2.7.RELEASE.jar:/home/bsc/Downloads/incubating-netbeans-java-9.0-bin/netbeans/java/modules/ext/spring-3.0/spring-beans-3.2.7.RELEASE.jar:/home/bsc/Downloads/incubating-netbeans-java-9.0-bin/netbeans/java/modules/ext/spring-3.0/spring-build-src-3.2.7.RELEASE.jar:/home/bsc/Downloads/incubating-netbeans-java-9.0-bin/netbeans/java/modules/ext/spring-3.0/spring-context-3.2.7.RELEASE.jar:/home/bsc/Downloads/incubating-netbeans-java-9.0-bin/netbeans/java/modules/ext/spring-3.0/spring-context-support-3.2.7.RELEASE.jar:/home/bsc/Downloads/incubating-netbeans-java-9.0-bin/netbeans/java/modules/ext/spring-3.0/spring-core-3.2.7.RELEASE.jar:/home/bsc/Downloads/incubating-netbeans-java-9.0-bin/netbeans/java/modules/ext/spring-3.0/spring-expression-3.2.7.RELEASE.jar:/home/bsc/Downloads/incubating-netbeans-java-9.0-bin/netbeans/java/modules/ext/spring-3.0/spring-framework-bom-3.2.7.RELEASE.jar:/home/bsc/Downloads/incubating-netbeans-java-9.0-bin/netbeans/java/modules/ext/spring-3.0/spring-instrument-3.2.7.RELEASE.jar:/home/bsc/Downloads/incubating-netbeans-java-9.0-bin/netbeans/java/modules/ext/spring-3.0/spring-instrument-tomcat-3.2.7.RELEASE.jar:/home/bsc/Downloads/incubating-netbeans-java-9.0-bin/netbeans/java/modules/ext/spring-3.0/spring-jdbc-3.2.7.RELEASE.jar:/home/bsc/Downloads/incubating-netbeans-java-9.0-bin/netbeans/java/modules/ext/spring-3.0/spring-jms-3.2.7.RELEASE.jar:/home/bsc/Downloads/incubating-netbeans-java-9.0-bin/netbeans/java/modules/ext/spring-3.0/spring-orm-3.2.7.RELEASE.jar:/home/bsc/Downloads/incubating-netbeans-java-9.0-bin/netbeans/java/modules/ext/spring-3.0/spring-oxm-3.2.7.RELEASE.jar:/home/bsc/Downloads/incubating-netbeans-java-9.0-bin/netbeans/java/modules/ext/spring-3.0/spring-struts-3.2.7.RELEASE.jar:/home/bsc/Downloads/incubating-netbeans-java-9.0-bin/netbeans/java/modules/ext/spring-3.0/spring-test-3.2.7.RELEASE.jar:/home/bsc/Downloads/incubating-netbeans-java-9.0-bin/netbeans/java/modules/ext/spring-3.0/spring-tx-3.2.7.RELEASE.jar:/home/bsc/Downloads/incubating-netbeans-java-9.0-bin/netbeans/java/modules/ext/spring-3.0/spring-web-3.2.7.RELEASE.jar:/home/bsc/Downloads/incubating-netbeans-java-9.0-bin/netbeans/java/modules/ext/spring-3.0/spring-webmvc-3.2.7.RELEASE.jar:/home/bsc/Downloads/incubating-netbeans-java-9.0-bin/netbeans/java/modules/ext/spring-3.0/spring-webmvc-portlet-3.2.7.RELEASE.jar" />
    <property name="javac.test.classpath" value=":build/classes:/home/bsc/Downloads/incubating-netbeans-java-9.0-bin/netbeans/platform/modules/ext/junit-4.12.jar:/home/bsc/Downloads/incubating-netbeans-java-9.0-bin/netbeans/platform/modules/ext/hamcrest-core-1.3.jar" />
    <property name="javac.includesfile.binary" value="/home/bsc/NetBeansProjects/EchoServer/null241678600" />
    <property name="java.specification.version" value="10" />
    <property name="sun.cpu.isalist" value="" />
    <property name="jar.index.metainf" value="false" />
    <property name="do.depend" value="false" />
    <property name="javadoc.preview" value="true" />
    <property name="libs.spring-framework400.classpath" value="/home/bsc/Downloads/incubating-netbeans-java-9.0-bin/netbeans/ide/modules/org-apache-commons-logging.jar:/home/bsc/Downloads/incubating-netbeans-java-9.0-bin/netbeans/java/modules/ext/cglib-2.2.jar:/home/bsc/Downloads/incubating-netbeans-java-9.0-bin/netbeans/java/modules/ext/spring-4/spring-aop-4.0.1.RELEASE.jar:/home/bsc/Downloads/incubating-netbeans-java-9.0-bin/netbeans/java/modules/ext/spring-4/spring-aspects-4.0.1.RELEASE.jar:/home/bsc/Downloads/incubating-netbeans-java-9.0-bin/netbeans/java/modules/ext/spring-4/spring-beans-4.0.1.RELEASE.jar:/home/bsc/Downloads/incubating-netbeans-java-9.0-bin/netbeans/java/modules/ext/spring-4/spring-build-src-4.0.1.RELEASE.jar:/home/bsc/Downloads/incubating-netbeans-java-9.0-bin/netbeans/java/modules/ext/spring-4/spring-context-4.0.1.RELEASE.jar:/home/bsc/Downloads/incubating-netbeans-java-9.0-bin/netbeans/java/modules/ext/spring-4/spring-context-support-4.0.1.RELEASE.jar:/home/bsc/Downloads/incubating-netbeans-java-9.0-bin/netbeans/java/modules/ext/spring-4/spring-core-4.0.1.RELEASE.jar:/home/bsc/Downloads/incubating-netbeans-java-9.0-bin/netbeans/java/modules/ext/spring-4/spring-expression-4.0.1.RELEASE.jar:/home/bsc/Downloads/incubating-netbeans-java-9.0-bin/netbeans/java/modules/ext/spring-4/spring-framework-bom-4.0.1.RELEASE.jar:/home/bsc/Downloads/incubating-netbeans-java-9.0-bin/netbeans/java/modules/ext/spring-4/spring-instrument-4.0.1.RELEASE.jar:/home/bsc/Downloads/incubating-netbeans-java-9.0-bin/netbeans/java/modules/ext/spring-4/spring-instrument-tomcat-4.0.1.RELEASE.jar:/home/bsc/Downloads/incubating-netbeans-java-9.0-bin/netbeans/java/modules/ext/spring-4/spring-jdbc-4.0.1.RELEASE.jar:/home/bsc/Downloads/incubating-netbeans-java-9.0-bin/netbeans/java/modules/ext/spring-4/spring-jms-4.0.1.RELEASE.jar:/home/bsc/Downloads/incubating-netbeans-java-9.0-bin/netbeans/java/modules/ext/spring-4/spring-messaging-4.0.1.RELEASE.jar:/home/bsc/Downloads/incubating-netbeans-java-9.0-bin/netbeans/java/modules/ext/spring-4/spring-orm-4.0.1.RELEASE.jar:/home/bsc/Downloads/incubating-netbeans-java-9.0-bin/netbeans/java/modules/ext/spring-4/spring-oxm-4.0.1.RELEASE.jar:/home/bsc/Downloads/incubating-netbeans-java-9.0-bin/netbeans/java/modules/ext/spring-4/spring-test-4.0.1.RELEASE.jar:/home/bsc/Downloads/incubating-netbeans-java-9.0-bin/netbeans/java/modules/ext/spring-4/spring-tx-4.0.1.RELEASE.jar:/home/bsc/Downloads/incubating-netbeans-java-9.0-bin/netbeans/java/modules/ext/spring-4/spring-web-4.0.1.RELEASE.jar:/home/bsc/Downloads/incubating-netbeans-java-9.0-bin/netbeans/java/modules/ext/spring-4/spring-webmvc-4.0.1.RELEASE.jar:/home/bsc/Downloads/incubating-netbeans-java-9.0-bin/netbeans/java/modules/ext/spring-4/spring-webmvc-portlet-4.0.1.RELEASE.jar:/home/bsc/Downloads/incubating-netbeans-java-9.0-bin/netbeans/java/modules/ext/spring-4/spring-websocket-4.0.1.RELEASE.jar" />
    <property name="test.binaryincludes" value="&lt;nothing&gt;" />
    <property name="sun.arch.data.model" value="64" />
    <property name="nb.show.statistics.ui" value="usageStatisticsEnabled" />
    <property name="debug-transport" value="dt_socket" />
    <property name="sun.font.fontmanager" value="sun.awt.X11FontManager" />
    <property name="java.vendor.url" value="http://java.oracle.com/" />
    <property name="annotation.processing.enabled" value="true" />
    <property name="debug.modulepath" value="" />
    <property name="libs.jaxb.classpath" value="/home/bsc/Downloads/incubating-netbeans-java-9.0-bin/netbeans/ide/modules/ext/jaxb/jaxb-impl-2.2.5-2.jar:/home/bsc/Downloads/incubating-netbeans-java-9.0-bin/netbeans/ide/modules/ext/jaxb/jaxb-xjc-2.2.5-2.jar:/home/bsc/Downloads/incubating-netbeans-java-9.0-bin/netbeans/ide/modules/ext/jaxb/jaxb1-impl-2.2.5-2.jar:/home/bsc/Downloads/incubating-netbeans-java-9.0-bin/netbeans/ide/modules/ext/jaxb/activation.jar:/home/bsc/Downloads/incubating-netbeans-java-9.0-bin/netbeans/ide/modules/ext/jaxb/api/jaxb-api.jar" />
    <property name="libs.eclipselink.javadoc" value="/home/bsc/Downloads/incubating-netbeans-java-9.0-bin/netbeans/java/modules/ext/docs/javax.persistence-2.1.0-doc.zip" />
    <property name="libs.JWSAntTasks.javadoc" value="" />
    <property name="sun.boot.library.path" value="/usr/lib/jvm/java-10-oracle/lib" />
    <property name="libs.CopyLibs.src" value="" />
    <property name="sun.java.command" value="org.apache.tools.ant.taskdefs.optional.junit.JUnitTestRunner TestingTest skipNonTests=false filtertrace=true haltOnError=false haltOnFailure=false showoutput=true outputtoformatters=true logfailedtests=true threadid=0 logtestlistenerevents=true formatter=org.apache.tools.ant.taskdefs.optional.junit.BriefJUnitResultFormatter formatter=org.apache.tools.ant.taskdefs.optional.junit.XMLJUnitResultFormatter,/home/bsc/NetBeansProjects/EchoServer/build/test/results/TEST-TestingTest.xml crashfile=/home/bsc/NetBeansProjects/EchoServer/build/junitvmwatcher4705166389799456259.properties propsfile=/home/bsc/NetBeansProjects/EchoServer/build/junit4943507993148727454.properties" />
    <property name="jdk.debug" value="release" />
    <property name="libs.spring-framework300.src" value="" />
    <property name="javac.source" value="10" />
    <property name="java.specification.vendor" value="Oracle Corporation" />
    <property name="javadoc.use" value="true" />
    <property name="libs.javac-api.maven-pom" value="" />
    <property name="java.version.date" value="2018-07-17" />
    <property name="javadoc.notree" value="false" />
    <property name="java.home" value="/usr/lib/jvm/java-10-oracle" />
    <property name="basedir" value="/home/bsc/NetBeansProjects/EchoServer" />
    <property name="work.dir" value="/home/bsc/NetBeansProjects/EchoServer" />
    <property name="javac.test.compilerargs" value="" />
    <property name="java.vm.specification.vendor" value="Oracle Corporation" />
    <property name="java.specification.name" value="Java Platform API Specification" />
    <property name="jna.boot.library.name" value="jnidispatch-440" />
    <property name="libs.PostgreSQLDriver.classpath" value="/home/bsc/Downloads/incubating-netbeans-java-9.0-bin/netbeans/ide/modules/ext/postgresql-9.4.1209.jar" />
    <property name="libs.javac-api.javadoc" value="" />
    <property name="libs.JAXB-ENDORSED.src" value="" />
    <property name="netbeans.extbrowser.manual_chrome_plugin_install" value="yes" />
    <property name="manifest.encoding" value="UTF-8" />
    <property name="netbeans.default_userdir_root" value="/home/bsc/.netbeans" />
    <property name="libs.spring-framework400.src" value="" />
    <property name="sun.management.compiler" value="HotSpot 64-Bit Tiered Compilers" />
    <property name="jdk.home" value="/usr/lib/jvm/java-10-oracle" />
    <property name="run.test.modulepath" value="" />
    <property name="java.runtime.version" value="10.0.2+13" />
    <property name="libs.eclipselink.maven-pom" value="" />
    <property name="libs.JAXB-ENDORSED.javadoc" value="" />
    <property name="debug.test.modulepath" value="" />
    <property name="file.encoding" value="UTF-8" />
    <property name="sun.java2d.noddraw" value="true" />
    <property name="java.util.logging.config.class" value="org.netbeans.core.startup.TopLogging" />
    <property name="sun.zip.disableMemoryMapping" value="true" />
    <property name="https.nonProxyHosts" value="localhost|127.0.0.1|bsc-Inspiron-5555" />
    <property name="java.vendor.version" value="18.3" />
    <property name="libs.absolutelayout.classpath" value="/home/bsc/Downloads/incubating-netbeans-java-9.0-bin/netbeans/java/modules/ext/AbsoluteLayout.jar" />
    <property name="dist.archive.excludes" value="" />
    <property name="java.io.tmpdir" value="/tmp" />
    <property name="org.openide.awt.ActionReference.completion" value="org.netbeans.modules.apisupport.project.layers.PathCompletions" />
    <property name="do.archive" value="true" />
    <property name="java.version" value="10.0.2" />
    <property name="java.vm.specification.name" value="Java Virtual Machine Specification" />
    <property name="java.awt.printerjob" value="sun.print.PSPrinterJob" />
    <property name="built-jar.properties" value="/home/bsc/NetBeansProjects/EchoServer/build/built-jar.properties" />
    <property name="nb.native.filechooser" value="false" />
    <property name="libs.testng.src" value="" />
    <property name="platform.active" value="default_platform" />
    <property name="libs.hamcrest.src" value="" />
    <property name="java.library.path" value="/usr/java/packages/lib:/usr/lib64:/lib64:/lib:/usr/lib" />
    <property name="manifest.file" value="manifest.mf" />
    <property name="java.vendor" value="Oracle Corporation" />
    <property name="libs.testng.javadoc" value="/home/bsc/Downloads/incubating-netbeans-java-9.0-bin/netbeans/platform/docs/testng-6.8.1-javadoc.zip" />
    <property name="meta.inf.dir" value="src/META-INF" />
    <property name="run.upgrademodulepath" value="" />
    <property name="sun.io.unicode.encoding" value="UnicodeLittle" />
    <property name="compile.on.save" value="true" />
    <property name="jlink.additionalparam" value="" />
    <property name="libs.testng.maven-pom" value="" />
    <property name="org.openide.version" value="deprecated" />
    <property name="sun.desktop" value="gnome" />
    <property name="default.javac.source" value="10" />
    <property name="netbeans.dynamic.classpath" value="/home/bsc/Downloads/incubating-netbeans-java-9.0-bin/netbeans/platform/core/org-openide-filesystems-compat8.jar:/home/bsc/Downloads/incubating-netbeans-java-9.0-bin/netbeans/platform/core/org-netbeans-libs-asm.jar:/home/bsc/Downloads/incubating-netbeans-java-9.0-bin/netbeans/platform/core/core.jar:/home/bsc/Downloads/incubating-netbeans-java-9.0-bin/netbeans/platform/core/core-base.jar:/home/bsc/Downloads/incubating-netbeans-java-9.0-bin/netbeans/platform/core/asm-all-5.0.1.jar:/home/bsc/Downloads/incubating-netbeans-java-9.0-bin/netbeans/platform/core/org-openide-filesystems.jar:/home/bsc/Downloads/incubating-netbeans-java-9.0-bin/netbeans/nb/core/org-netbeans-upgrader.jar:/home/bsc/Downloads/incubating-netbeans-java-9.0-bin/netbeans/nb/core/locale/core_nb.jar" />
    <property name="test.includes" value="TestingTest.java" />
    <property name="run.classpath" value=":build/classes" />
    <property name="libs.jaxb.src" value="" />
    <property name="libs.eclipselinkmodelgen.classpath" value="/home/bsc/Downloads/incubating-netbeans-java-9.0-bin/netbeans/java/modules/ext/eclipselink/org.eclipse.persistence.jpa.modelgen.processor-2.5.2.jar" />
    <property name="javac.systemmodulepath.cmd.line.arg" value="" />
    <property name="test.src.dir" value="test" />
    <property name="sun.awt.enableExtraMouseButtons" value="true" />
    <property name="org.openide.major.version" value="IDE/1" />
    <property name="libs.spring-framework300.javadoc" value="" />
    <property name="netbeans.buildnumber" value="incubator-netbeans-release-334-on-20180708" />
    <property name="ap.proc.none.internal" value="" />
    <property name="endorsed.classpath.cmd.line.arg" value="" />
    <property name="org.openide.specification.version" value="6.2" />
    <property name="user.timezone" value="" />
    <property name="libs.jpa20-persistence.maven-pom" value="" />
    <property name="jar.index" value="false" />
    <property name="libs.jpa20-persistence.classpath" value="/home/bsc/Downloads/incubating-netbeans-java-9.0-bin/netbeans/java/modules/ext/eclipselink/javax.persistence-2.1.0.jar" />
    <property name="libs.eclipselinkmodelgen.javadoc" value="" />
    <property name="build.sysclasspath" value="ignore" />
    <property name="libs.CopyLibs.maven-pom" value="" />
    <property name="java.vm.specification.version" value="10" />
    <property name="os.name" value="Linux" />
    <property name="javadoc.noindex" value="false" />
    <property name="jdkBug6558476" value="false" />
    <property name="javadoc.private" value="false" />
    <property name="http.nonProxyHosts" value="localhost|127.0.0.1|bsc-Inspiron-5555" />
    <property name="javadoc.author" value="false" />
    <property name="main.class" value="echoserver.Main" />
    <property name="libs.JAXB-ENDORSED.maven-pom" value="" />
    <property name="user.home" value="/home/bsc" />
    <property name="source.encoding" value="UTF-8" />
    <property name="libs.eclipselinkmodelgen.maven-pom" value="" />
    <property name="jar.compress" value="false" />
    <property name="have.sources" value="true" />
    <property name="ant.file.EchoServer" value="/home/bsc/NetBeansProjects/EchoServer/build.xml" />
    <property name="annotation.processing.processors.list" value="" />
    <property name="jlink.launcher" value="true" />
    <property name="javac.deprecation" value="false" />
    <property name="java.awt.graphicsenv" value="sun.awt.X11GraphicsEnvironment" />
    <property name="build.generated.sources.dir" value="build/generated-sources" />
    <property name="apple.awt.graphics.UseQuartz" value="true" />
    <property name="plugin.manager.check.updates" value="false" />
    <property name="run.jvmargs" value="" />
    <property name="netbeans.autoupdate.language" value="en" />
    <property name="libs.eclipselinkmodelgen.src" value="" />
    <property name="build.compiler.emacs" value="true" />
    <property name="build.classes.excludes" value="**/*.java,**/*.form" />
    <property name="dist.jar" value="dist/EchoServer.jar" />
    <property name="ant.file" value="/home/bsc/NetBeansProjects/EchoServer/build.xml" />
    <property name="path.separator" value=":" />
    <property name="modules.supported.internal" value="true" />
    <property name="os.version" value="4.15.0-34-generic" />
    <property name="libs.JAXB-ENDORSED.classpath" value="/home/bsc/Downloads/incubating-netbeans-java-9.0-bin/netbeans/ide/modules/ext/jaxb/api/jaxb-api.jar" />
    <property name="netbeans.home" value="/home/bsc/Downloads/incubating-netbeans-java-9.0-bin/netbeans/platform" />
    <property name="libs.CopyLibs.javadoc" value="" />
    <property name="build.test.results.dir" value="build/test/results" />
    <property name="debug-transport-by-os" value="dt_socket" />
    <property name="libs.jaxws21.javadoc" value="/home/bsc/Downloads/incubating-netbeans-java-9.0-bin/netbeans/java/docs/jaxws-api-doc.zip" />
    <property name="libs.spring-framework400.maven-pom" value="" />
    <property name="ap.processors.internal" value="" />
    <property name="java.vm.name" value="Java HotSpot(TM) 64-Bit Server VM" />
    <property name="unnamed.module.internal" value="true" />
    <property name="module.name" value="" />
    <property name="libs.jaxws21.classpath" value="/home/bsc/Downloads/incubating-netbeans-java-9.0-bin/netbeans/java/modules/ext/jaxws22/FastInfoset.jar:/home/bsc/Downloads/incubating-netbeans-java-9.0-bin/netbeans/java/modules/ext/jaxws22/gmbal-api-only.jar:/home/bsc/Downloads/incubating-netbeans-java-9.0-bin/netbeans/java/modules/ext/jaxws22/ha-api.jar:/home/bsc/Downloads/incubating-netbeans-java-9.0-bin/netbeans/java/modules/ext/jaxws22/javax.mail_1.4.jar:/home/bsc/Downloads/incubating-netbeans-java-9.0-bin/netbeans/java/modules/ext/jaxws22/jaxws-rt.jar:/home/bsc/Downloads/incubating-netbeans-java-9.0-bin/netbeans/java/modules/ext/jaxws22/jaxws-tools.jar:/home/bsc/Downloads/incubating-netbeans-java-9.0-bin/netbeans/java/modules/ext/jaxws22/management-api.jar:/home/bsc/Downloads/incubating-netbeans-java-9.0-bin/netbeans/java/modules/ext/jaxws22/mimepull.jar:/home/bsc/Downloads/incubating-netbeans-java-9.0-bin/netbeans/java/modules/ext/jaxws22/policy.jar:/home/bsc/Downloads/incubating-netbeans-java-9.0-bin/netbeans/java/modules/ext/jaxws22/saaj-impl.jar:/home/bsc/Downloads/incubating-netbeans-java-9.0-bin/netbeans/java/modules/ext/jaxws22/stax-ex.jar:/home/bsc/Downloads/incubating-netbeans-java-9.0-bin/netbeans/java/modules/ext/jaxws22/stax2-api.jar:/home/bsc/Downloads/incubating-netbeans-java-9.0-bin/netbeans/java/modules/ext/jaxws22/streambuffer.jar:/home/bsc/Downloads/incubating-netbeans-java-9.0-bin/netbeans/java/modules/ext/jaxws22/woodstox-core-asl.jar:/home/bsc/Downloads/incubating-netbeans-java-9.0-bin/netbeans/java/modules/ext/jaxws22/api/jaxws-api.jar:/home/bsc/Downloads/incubating-netbeans-java-9.0-bin/netbeans/java/modules/ext/jaxws22/api/jsr181-api.jar:/home/bsc/Downloads/incubating-netbeans-java-9.0-bin/netbeans/java/modules/ext/jaxws22/api/javax.annotation.jar:/home/bsc/Downloads/incubating-netbeans-java-9.0-bin/netbeans/java/modules/ext/jaxws22/api/saaj-api.jar:/home/bsc/Downloads/incubating-netbeans-java-9.0-bin/netbeans/ide/modules/ext/jaxb/activation.jar:/home/bsc/Downloads/incubating-netbeans-java-9.0-bin/netbeans/ide/modules/ext/jaxb/api/jaxb-api.jar" />
    <property name="os.arch" value="amd64" />
    <property name="build.generated.dir" value="build/generated" />
    <property name="libs.hamcrest.javadoc" value="" />
    <property name="libs.spring-framework400.javadoc" value="" />
    <property name="libs.javac-api.src" value="" />
    <property name="java.vm.info" value="mixed mode" />
    <property name="libs.jaxws21.maven-pom" value="" />
    <property name="run.test.classpath" value=":build/classes:/home/bsc/Downloads/incubating-netbeans-java-9.0-bin/netbeans/platform/modules/ext/junit-4.12.jar:/home/bsc/Downloads/incubating-netbeans-java-9.0-bin/netbeans/platform/modules/ext/hamcrest-core-1.3.jar:build/test/classes" />
    <property name="dist.jlink.output" value="dist/jlink/EchoServer" />
    <property name="java.class.version" value="54.0" />
    <property name="javadoc.encoding.used" value="UTF-8" />
    <property name="src.dir" value="src" />
    <property name="org.netbeans.io.suspend" value="0" />
    <property name="debug.classpath" value=":build/classes" />
    <property name="ant.project.default-target" value="default" />
    <property name="awt.toolkit" value="sun.awt.X11.XToolkit" />
    <property name="excludes" value="" />
    <property name="ant.project.name" value="EchoServer" />
    <property name="dist.javadoc.dir" value="dist/javadoc" />
    <property name="sun.jnu.encoding" value="UTF-8" />
    <property name="libs.junit_4.javadoc" value="/home/bsc/Downloads/incubating-netbeans-java-9.0-bin/netbeans/platform/docs/junit-4.12-javadoc.jar" />
    <property name="run.test.jvmargs" value="" />
    <property name="default.javac.target" value="10" />
    <property name="javac.fork" value="true" />
    <property name="libs.eclipselink.classpath" value="/home/bsc/Downloads/incubating-netbeans-java-9.0-bin/netbeans/java/modules/ext/eclipselink/org.eclipse.persistence.core-2.5.2.jar:/home/bsc/Downloads/incubating-netbeans-java-9.0-bin/netbeans/java/modules/ext/eclipselink/org.eclipse.persistence.asm-2.5.2.jar:/home/bsc/Downloads/incubating-netbeans-java-9.0-bin/netbeans/java/modules/ext/eclipselink/org.eclipse.persistence.antlr-2.5.2.jar:/home/bsc/Downloads/incubating-netbeans-java-9.0-bin/netbeans/java/modules/ext/eclipselink/org.eclipse.persistence.jpa-2.5.2.jar:/home/bsc/Downloads/incubating-netbeans-java-9.0-bin/netbeans/java/modules/ext/eclipselink/org.eclipse.persistence.jpa.jpql-2.5.2.jar:/home/bsc/Downloads/incubating-netbeans-java-9.0-bin/netbeans/java/modules/ext/eclipselink/javax.persistence-2.1.0.jar" />
    <property name="sun.java2d.dpiaware" value="true" />
    <property name="libs.javac-api.classpath" value="" />
    <property name="main.class.available" value="true" />
    <property name="netbeans.importclass" value="org.netbeans.upgrade.AutoUpgrade" />
    <property name="libs.PostgreSQLDriver.maven-pom" value="" />
    <property name="libs.absolutelayout.src" value="" />
    <property name="netbeans.autoupdate.version" value="1.23" />
    <property name="empty.dir" value="/home/bsc/NetBeansProjects/EchoServer/build/empty" />
    <property name="testng.mode" value="testng" />
    <property name="annotation.processing.enabled.in.editor" value="false" />
    <property name="netbeans.user" value="/home/bsc/.netbeans/9.0" />
    <property name="javac.includes.binary" value="/home/bsc/NetBeansProjects/EchoServer/build/test/classes/TestingTest.class" />
    <property name="file.separator" value="/" />
    <property name="java.vm.compressedOopsMode" value="32-bit" />
    <property name="line.separator" value="&#xa;" />
    <property name="javadoc.additionalparam" value="" />
    <property name="netbeans.productversion" value="Apache NetBeans IDE 9.0 (Build incubator-netbeans-release-334-on-20180708)" />
    <property name="javac.debug" value="true" />
    <property name="libs.testng.classpath" value="/home/bsc/Downloads/incubating-netbeans-java-9.0-bin/netbeans/platform/modules/ext/testng-6.8.1-dist.jar" />
    <property name="mkdist.disabled" value="false" />
    <property name="user.name" value="bsc" />
    <property name="build.classes.dir" value="build/classes" />
    <property name="nb.junit.single" value="false" />
    <property name="javadoc.windowtitle" value="" />
    <property name="nb.internal.action.name" value="test.single" />
    <property name="libs.absolutelayout.javadoc" value="" />
    <property name="libs.jaxws21.src" value="" />
    <property name="module.build.classes.dir" value="build/classes" />
    <property name="annotation.processing.processor.options" value="" />
    <property name="libs.jaxb.maven-pom" value="" />
    <property name="dist.dir" value="dist" />
    <property name="jna.loaded" value="true" />
    <property name="build.dir" value="build" />
    <property name="netbeans.autoupdate.variant" value="" />
    <property name="libs.jpa20-persistence.javadoc" value="/home/bsc/Downloads/incubating-netbeans-java-9.0-bin/netbeans/java/modules/ext/docs/javax.persistence-2.1.0-doc.zip" />
    <property name="javadoc.version" value="false" />
    <property name="ant.junit.enabletestlistenerevents" value="true" />
    <property name="libs.JWSAntTasks.src" value="" />
    <property name="libs.CopyLibs.classpath" value="/home/bsc/Downloads/incubating-netbeans-java-9.0-bin/netbeans/java/ant/extra/org-netbeans-modules-java-j2seproject-copylibstask.jar" />
    <property name="ant.home" value="/home/bsc/Downloads/incubating-netbeans-java-9.0-bin/netbeans/extide/ant" />
    <property name="sun.os.patch.level" value="unknown" />
    <property name="javac.external.vm" value="true" />
    <property name="have.tests" value="true" />
    <property name="debug.test.classpath" value=":build/classes:/home/bsc/Downloads/incubating-netbeans-java-9.0-bin/netbeans/platform/modules/ext/junit-4.12.jar:/home/bsc/Downloads/incubating-netbeans-java-9.0-bin/netbeans/platform/modules/ext/hamcrest-core-1.3.jar:build/test/classes" />
    <property name="testng.debug.mode" value="" />
    <property name="javac.target" value="10" />
    <property name="ant.file.type.EchoServer-impl" value="file" />
    <property name="ant.version" value="Apache Ant(TM) version 1.10.4 compiled on June 19 2018" />
    <property name="libs.absolutelayout.maven-pom" value="" />
    <property name="javadoc.html5" value="false" />
    <property name="javac.test.processorpath" value=":build/classes:/home/bsc/Downloads/incubating-netbeans-java-9.0-bin/netbeans/platform/modules/ext/junit-4.12.jar:/home/bsc/Downloads/incubating-netbeans-java-9.0-bin/netbeans/platform/modules/ext/hamcrest-core-1.3.jar" />
    <property name="java.failonerror" value="true" />
    <property name="netbeans.dirs" value="/home/bsc/Downloads/incubating-netbeans-java-9.0-bin/netbeans/nb:/home/bsc/Downloads/incubating-netbeans-java-9.0-bin/netbeans/ergonomics:/home/bsc/Downloads/incubating-netbeans-java-9.0-bin/netbeans/ide:/home/bsc/Downloads/incubating-netbeans-java-9.0-bin/netbeans/extide:/home/bsc/Downloads/incubating-netbeans-java-9.0-bin/netbeans/java:/home/bsc/Downloads/incubating-netbeans-java-9.0-bin/netbeans/apisupport:/home/bsc/Downloads/incubating-netbeans-java-9.0-bin/netbeans/webcommon:/home/bsc/Downloads/incubating-netbeans-java-9.0-bin/netbeans/websvccommon:/home/bsc/Downloads/incubating-netbeans-java-9.0-bin/netbeans/enterprise:/home/bsc/Downloads/incubating-netbeans-java-9.0-bin/netbeans/mobility:/home/bsc/Downloads/incubating-netbeans-java-9.0-bin/netbeans/profiler:/home/bsc/Downloads/incubating-netbeans-java-9.0-bin/netbeans/python:/home/bsc/Downloads/incubating-netbeans-java-9.0-bin/netbeans/php:/home/bsc/Downloads/incubating-netbeans-java-9.0-bin/netbeans/identity:/home/bsc/Downloads/incubating-netbeans-java-9.0-bin/netbeans/harness:/home/bsc/Downloads/incubating-netbeans-java-9.0-bin/netbeans/cnd:/home/bsc/Downloads/incubating-netbeans-java-9.0-bin/netbeans/cndext:/home/bsc/Downloads/incubating-netbeans-java-9.0-bin/netbeans/dlight:/home/bsc/Downloads/incubating-netbeans-java-9.0-bin/netbeans/groovy:/home/bsc/Downloads/incubating-netbeans-java-9.0-bin/netbeans/extra:/home/bsc/Downloads/incubating-netbeans-java-9.0-bin/netbeans/javacard:/home/bsc/Downloads/incubating-netbeans-java-9.0-bin/netbeans/javafx:" />
    <property name="javac.modulepath" value="" />
    <property name="user.properties.file" value="/home/bsc/.netbeans/9.0/build.properties" />
    <property name="javac.includes" value="TestingTest.java" />
    <property name="libs.hamcrest.maven-pom" value="" />
    <property name="netbeans.autoupdate.country" value="US" />
    <property name="file.encoding.pkg" value="sun.io" />
    <property name="javac.processorpath" value="" />
    <property name="java.class.path" value="/home/bsc/NetBeansProjects/EchoServer/build/classes:/home/bsc/Downloads/incubating-netbeans-java-9.0-bin/netbeans/platform/modules/ext/junit-4.12.jar:/home/bsc/Downloads/incubating-netbeans-java-9.0-bin/netbeans/platform/modules/ext/hamcrest-core-1.3.jar:/home/bsc/NetBeansProjects/EchoServer/build/test/classes:/home/bsc/Downloads/incubating-netbeans-java-9.0-bin/netbeans/extide/ant/lib/ant-launcher.jar:/home/bsc/Downloads/incubating-netbeans-java-9.0-bin/netbeans/extide/ant/lib/ant.jar:/home/bsc/Downloads/incubating-netbeans-java-9.0-bin/netbeans/extide/ant/lib/ant-junit.jar:/home/bsc/Downloads/incubating-netbeans-java-9.0-bin/netbeans/extide/ant/lib/ant-junit4.jar" />
    <property name="ant.file.type.EchoServer" value="file" />
    <property name="netbeans.accept_license_class" value="org.netbeans.license.AcceptLicense" />
    <property name="libs.JWSAntTasks.maven-pom" value="" />
    <property name="java.vm.vendor" value="&quot;Oracle Corporation&quot;" />
    <property name="ap.supported.internal" value="true" />
    <property name="netbeans.home+have.tests" value="true" />
    <property name="run.modulepath" value="" />
    <property name="javac.upgrademodulepath" value="" />
    <property name="test.binaryexcludes" value="" />
    <property name="do.archive+manifest.available" value="true" />
    <property name="javac.compilerargs" value="" />
    <property name="apple.laf.useScreenMenuBar" value="true" />
    <property name="sun.java.launcher" value="SUN_STANDARD" />
    <property name="user.country" value="US" />
    <property name="libs.jpa20-persistence.src" value="" />
    <property name="javac.test.sourcepath" value="/home/bsc/NetBeansProjects/EchoServer/build/empty" />
    <property name="sun.cpu.endian" value="little" />
    <property name="libs.junit_4.src" value="/home/bsc/Downloads/incubating-netbeans-java-9.0-bin/netbeans/platform/docs/junit-4.12-sources.jar" />
    <property name="user.language" value="en" />
    <property name="copylibs.rebase" value="true" />
    <property name="includes" value="**" />
    <property name="javadoc.nonavbar" value="false" />
    <property name="ant.file.EchoServer-impl" value="/home/bsc/NetBeansProjects/EchoServer/nbproject/build-impl.xml" />
    <property name="ant.java.version" value="10" />
    <property name="libs.junit_4.classpath" value="/home/bsc/Downloads/incubating-netbeans-java-9.0-bin/netbeans/platform/modules/ext/junit-4.12.jar" />
    <property name="libs.hamcrest.classpath" value="/home/bsc/Downloads/incubating-netbeans-java-9.0-bin/netbeans/platform/modules/ext/hamcrest-core-1.3.jar" />
    <property name="jlink.launcher.name" value="EchoServer" />
    <property name="javadoc.splitindex" value="true" />
    <property name="libs.JWSAntTasks.classpath" value="/home/bsc/Downloads/incubating-netbeans-java-9.0-bin/netbeans/java/ant/extra/org-netbeans-modules-javawebstart-anttasks.jar" />
    <property name="test.binarytestincludes" value="" />
    <property name="junit.available" value="true" />
    <property name="javac.processormodulepath" value="" />
    <property name="libs.junit_4.maven-pom" value="" />
    <property name="runtime.encoding" value="UTF-8" />
    <property name="jlink.additionalmodules" value="" />
    <property name="javadoc.encoding" value="UTF-8" />
    <property name="javac.classpath" value="" />
    <property name="dist.jlink.dir" value="dist/jlink" />
    <property name="netbeans.hash.code" value="unique=04202d1da-a84a-428d-be61-beabfe2d4260_94d41501-23e0-4b9d-9627-e004f4d8d965" />
    <property name="nb.junit.batch" value="true" />
    <property name="netbeans.running.environment" value="gnome" />
    <property name="build.test.classes.dir" value="build/test/classes" />
    <property name="java.runtime.name" value="Java(TM) SE Runtime Environment" />
    <property name="libs.jaxb.javadoc" value="/home/bsc/Downloads/incubating-netbeans-java-9.0-bin/netbeans/ide/docs/jaxb-api-2.2.5-javadoc.jar" />
    <property name="manifest.available" value="true" />
    <property name="libs.spring-framework300.maven-pom" value="" />
    <property name="ant.project.invoked-targets" value="test-single" />
    <property name="run.jvmargs.ide" value="" />
    <property name="jna.platform.library.path" value="/usr/lib/x86_64-linux-gnu:/lib/x86_64-linux-gnu:/lib64:/usr/lib:/lib:/usr/lib/x86_64-linux-gnu/libfakeroot" />
    <property name="ap.cmd.line.internal" value="" />
    <property name="libs.PostgreSQLDriver.src" value="" />
    <property name="ant.core.lib" value="/home/bsc/Downloads/incubating-netbeans-java-9.0-bin/netbeans/extide/ant/lib/ant.jar" />
    <property name="java.vendor.url.bug" value="http://bugreport.java.com/bugreport/" />
    <property name="annotation.processing.source.output" value="build/generated-sources/ap-source-output" />
    <property name="netbeans.logger.console" value="true" />
    <property name="user.dir" value="/home/bsc/NetBeansProjects/EchoServer" />
    <property name="javac.profile.cmd.line.arg" value="" />
    <property name="platform.java" value="/usr/lib/jvm/java-10-oracle/bin/java" />
    <property name="application.args" value="" />
    <property name="do.archive+main.class.available" value="true" />
    <property name="ignore.failing.tests" value="true" />
    <property name="javac.test.modulepath" value="" />
    <property name="org.xml.sax.driver" value="com.sun.org.apache.xerces.internal.jaxp.SAXParserImpl$JAXPSAXParser" />
    <property name="libs.PostgreSQLDriver.javadoc" value="" />
    <property name="libs.eclipselink.src" value="" />
    <property name="java.vm.version" value="10.0.2+13" />
    <property name="test.class" value="TestingTest" />
    <property name="sun.awt.datatransfer.timeout" value="1000" />
    <property name="annotation.processing.run.all.processors" value="true" />
    <property name="junit.forkmode" value="perTest" />
  </properties>
  <testcase classname="TestingTest" name="TestPersonAge" time="0.024" />
  <testcase classname="TestingTest" name="TestPersonName" time="0.014" />
  <system-out><![CDATA[]]></system-out>
  <system-err><![CDATA[]]></system-err>
</testsuite>
